2006-12-22 22:56:34,763 WARN Connection down @ wijnzoeker.ConnectionTester.main(ConnectionTester.java:33) 
2006-12-22 22:57:35,185 INFO Connection restored @ wijnzoeker.ConnectionTester.main(ConnectionTester.java:38) 
2006-12-23 16:15:36,185 WARN Connection down @ wijnzoeker.ConnectionTester.main(ConnectionTester.java:33) 
2006-12-23 16:17:00,278 INFO Connection restored @ wijnzoeker.ConnectionTester.main(ConnectionTester.java:38) 
2006-12-23 23:13:00,294 WARN Connection down @ wijnzoeker.ConnectionTester.main(ConnectionTester.java:33) 
2006-12-23 23:14:00,294 INFO Connection restored @ wijnzoeker.ConnectionTester.main(ConnectionTester.java:38) 
2006-12-27 20:43:03,669 WARN Connection down @ wijnzoeker.ConnectionTester.main(ConnectionTester.java:33) 
2006-12-27 20:44:36,856 INFO Connection restored @ wijnzoeker.ConnectionTester.main(ConnectionTester.java:38) 
2006-12-28 09:20:44,083 WARN Connection down @ wijnzoeker.ConnectionTester.main(ConnectionTester.java:33) 
2006-12-28 09:21:55,926 INFO Connection restored @ wijnzoeker.ConnectionTester.main(ConnectionTester.java:38) 
2007-01-01 21:52:18,390 ERROR Could not close DB connection.  @ wijnzoeker.Dbutil.closeConnection(Dbutil.java:69) 
java.sql.SQLException: Connection is closed.
	at org.apache.commons.dbcp.PoolingDataSource$PoolGuardConnectionWrapper.checkOpen(PoolingDataSource.java:174)
	at org.apache.commons.dbcp.PoolingDataSource$PoolGuardConnectionWrapper.close(PoolingDataSource.java:179)
	at wijnzoeker.Dbutil.closeConnection(Dbutil.java:66)
	at wijnzoeker.Webroutines.getStatusHTML(Webroutines.java:443)
	at org.apache.jsp.admin.status_jsp._jspService(status_jsp.java:52)
	at org.apache.jasper.runtime.HttpJspBase.service(HttpJspBase.java:97)
	at javax.servlet.http.HttpServlet.service(HttpServlet.java:802)
	at org.apache.jasper.servlet.JspServletWrapper.service(JspServletWrapper.java:334)
	at org.apache.jasper.servlet.JspServlet.serviceJspFile(JspServlet.java:314)
	at org.apache.jasper.servlet.JspServlet.service(JspServlet.java:264)
	at javax.servlet.http.HttpServlet.service(HttpServlet.java:802)
	at org.apache.catalina.core.ApplicationFilterChain.internalDoFilter(ApplicationFilterChain.java:252)
	at org.apache.catalina.core.ApplicationFilterChain.doFilter(ApplicationFilterChain.java:173)
	at org.apache.catalina.core.StandardWrapperValve.invoke(StandardWrapperValve.java:213)
	at org.apache.catalina.core.StandardContextValve.invoke(StandardContextValve.java:178)
	at org.apache.catalina.authenticator.AuthenticatorBase.invoke(AuthenticatorBase.java:524)
	at org.apache.catalina.core.StandardHostValve.invoke(StandardHostValve.java:126)
	at org.apache.catalina.valves.ErrorReportValve.invoke(ErrorReportValve.java:105)
	at org.apache.catalina.authenticator.SingleSignOn.invoke(SingleSignOn.java:419)
	at org.apache.catalina.core.StandardEngineValve.invoke(StandardEngineValve.java:107)
	at org.apache.catalina.connector.CoyoteAdapter.service(CoyoteAdapter.java:148)
	at org.apache.coyote.http11.Http11Processor.process(Http11Processor.java:869)
	at org.apache.coyote.http11.Http11BaseProtocol$Http11ConnectionHandler.processConnection(Http11BaseProtocol.java:664)
	at org.apache.tomcat.util.net.PoolTcpEndpoint.processSocket(PoolTcpEndpoint.java:527)
	at org.apache.tomcat.util.net.LeaderFollowerWorkerThread.runIt(LeaderFollowerWorkerThread.java:80)
	at org.apache.tomcat.util.threads.ThreadPool$ControlRunnable.run(ThreadPool.java:684)
	at java.lang.Thread.run(Unknown Source)
2007-01-01 21:54:19,609 ERROR Could not close DB connection.  @ wijnzoeker.Dbutil.closeConnection(Dbutil.java:69) 
java.sql.SQLException: Connection is closed.
	at org.apache.commons.dbcp.PoolingDataSource$PoolGuardConnectionWrapper.checkOpen(PoolingDataSource.java:174)
	at org.apache.commons.dbcp.PoolingDataSource$PoolGuardConnectionWrapper.close(PoolingDataSource.java:179)
	at wijnzoeker.Dbutil.closeConnection(Dbutil.java:66)
	at wijnzoeker.Webroutines.getStatusHTML(Webroutines.java:444)
	at org.apache.jsp.admin.status_jsp._jspService(status_jsp.java:52)
	at org.apache.jasper.runtime.HttpJspBase.service(HttpJspBase.java:97)
	at javax.servlet.http.HttpServlet.service(HttpServlet.java:802)
	at org.apache.jasper.servlet.JspServletWrapper.service(JspServletWrapper.java:334)
	at org.apache.jasper.servlet.JspServlet.serviceJspFile(JspServlet.java:314)
	at org.apache.jasper.servlet.JspServlet.service(JspServlet.java:264)
	at javax.servlet.http.HttpServlet.service(HttpServlet.java:802)
	at org.apache.catalina.core.ApplicationFilterChain.internalDoFilter(ApplicationFilterChain.java:252)
	at org.apache.catalina.core.ApplicationFilterChain.doFilter(ApplicationFilterChain.java:173)
	at org.apache.catalina.core.StandardWrapperValve.invoke(StandardWrapperValve.java:213)
	at org.apache.catalina.core.StandardContextValve.invoke(StandardContextValve.java:178)
	at org.apache.catalina.authenticator.AuthenticatorBase.invoke(AuthenticatorBase.java:524)
	at org.apache.catalina.core.StandardHostValve.invoke(StandardHostValve.java:126)
	at org.apache.catalina.valves.ErrorReportValve.invoke(ErrorReportValve.java:105)
	at org.apache.catalina.authenticator.SingleSignOn.invoke(SingleSignOn.java:419)
	at org.apache.catalina.core.StandardEngineValve.invoke(StandardEngineValve.java:107)
	at org.apache.catalina.connector.CoyoteAdapter.service(CoyoteAdapter.java:148)
	at org.apache.coyote.http11.Http11Processor.process(Http11Processor.java:869)
	at org.apache.coyote.http11.Http11BaseProtocol$Http11ConnectionHandler.processConnection(Http11BaseProtocol.java:664)
	at org.apache.tomcat.util.net.PoolTcpEndpoint.processSocket(PoolTcpEndpoint.java:527)
	at org.apache.tomcat.util.net.LeaderFollowerWorkerThread.runIt(LeaderFollowerWorkerThread.java:80)
	at org.apache.tomcat.util.threads.ThreadPool$ControlRunnable.run(ThreadPool.java:684)
	at java.lang.Thread.run(Unknown Source)
2007-01-02 20:25:39,062 ERROR Could not execute query: call lookupkeyword('yquem',@abc); @ wijnzoeker.Dbutil.selectQuery(Dbutil.java:83) 
2007-01-02 20:25:39,109 ERROR Stack trace:  @ wijnzoeker.Dbutil.selectQuery(Dbutil.java:84) 
java.sql.SQLException: PROCEDURE wijn.lookupkeyword does not exist
	at com.mysql.jdbc.MysqlIO.checkErrorPacket(MysqlIO.java:2928)
	at com.mysql.jdbc.MysqlIO.sendCommand(MysqlIO.java:1571)
	at com.mysql.jdbc.MysqlIO.sqlQueryDirect(MysqlIO.java:1666)
	at com.mysql.jdbc.Connection.execSQL(Connection.java:2988)
	at com.mysql.jdbc.Connection.execSQL(Connection.java:2917)
	at com.mysql.jdbc.Statement.executeQuery(Statement.java:824)
	at org.apache.commons.dbcp.DelegatingStatement.executeQuery(DelegatingStatement.java:205)
	at wijnzoeker.Dbutil.selectQuery(Dbutil.java:80)
	at wijnzoeker.Webroutines.lookupkeyword(Webroutines.java:1451)
	at wijnzoeker.Webroutines.didYouMean(Webroutines.java:1422)
	at org.apache.jsp.index_jsp._jspService(index_jsp.java:297)
	at org.apache.jasper.runtime.HttpJspBase.service(HttpJspBase.java:97)
	at javax.servlet.http.HttpServlet.service(HttpServlet.java:802)
	at org.apache.jasper.servlet.JspServletWrapper.service(JspServletWrapper.java:334)
	at org.apache.jasper.servlet.JspServlet.serviceJspFile(JspServlet.java:314)
	at org.apache.jasper.servlet.JspServlet.service(JspServlet.java:264)
	at javax.servlet.http.HttpServlet.service(HttpServlet.java:802)
	at org.apache.catalina.core.ApplicationFilterChain.internalDoFilter(ApplicationFilterChain.java:252)
	at org.apache.catalina.core.ApplicationFilterChain.doFilter(ApplicationFilterChain.java:173)
	at org.apache.catalina.core.StandardWrapperValve.invoke(StandardWrapperValve.java:213)
	at org.apache.catalina.core.StandardContextValve.invoke(StandardContextValve.java:178)
	at org.apache.catalina.authenticator.AuthenticatorBase.invoke(AuthenticatorBase.java:432)
	at org.apache.catalina.core.StandardHostValve.invoke(StandardHostValve.java:126)
	at org.apache.catalina.valves.ErrorReportValve.invoke(ErrorReportValve.java:105)
	at org.apache.catalina.authenticator.SingleSignOn.invoke(SingleSignOn.java:392)
	at org.apache.catalina.core.StandardEngineValve.invoke(StandardEngineValve.java:107)
	at org.apache.catalina.connector.CoyoteAdapter.service(CoyoteAdapter.java:148)
	at org.apache.coyote.http11.Http11Processor.process(Http11Processor.java:869)
	at org.apache.coyote.http11.Http11BaseProtocol$Http11ConnectionHandler.processConnection(Http11BaseProtocol.java:664)
	at org.apache.tomcat.util.net.PoolTcpEndpoint.processSocket(PoolTcpEndpoint.java:527)
	at org.apache.tomcat.util.net.LeaderFollowerWorkerThread.runIt(LeaderFollowerWorkerThread.java:80)
	at org.apache.tomcat.util.threads.ThreadPool$ControlRunnable.run(ThreadPool.java:684)
	at java.lang.Thread.run(Unknown Source)
